  pch.cpp
  Dictionary.cpp
g:\github repos\syde-playground\syde playground\syde playground\dictionary.cpp(30): warning C4018: '<': signed/unsigned mismatch
  SYDE Playground.cpp
g:\github repos\syde-playground\syde playground\include\consolewindow.h(297): warning C4018: '<': signed/unsigned mismatch
g:\github repos\syde-playground\syde playground\include\consolewindow.h(299): warning C4018: '<': signed/unsigned mismatch
g:\github repos\syde-playground\syde playground\include\consolewindow.h(300): warning C4018: '<': signed/unsigned mismatch
g:\github repos\syde-playground\syde playground\include\settings.h(12): warning C4244: 'argument': conversion from 'int' to 'float', possible loss of data
g:\github repos\syde-playground\syde playground\include\defaults.h(15): warning C4091: 'static ': ignored on left of 'SYDEDefaults' when no variable is declared
g:\github repos\syde-playground\syde playground\syde playground\syde playground.cpp(51): warning C4244: 'argument': conversion from 'int' to 'float', possible loss of data
  TicTacToe.cpp
g:\github repos\syde-playground\syde playground\include\consolewindow.h(297): warning C4018: '<': signed/unsigned mismatch
g:\github repos\syde-playground\syde playground\include\consolewindow.h(299): warning C4018: '<': signed/unsigned mismatch
g:\github repos\syde-playground\syde playground\include\consolewindow.h(300): warning C4018: '<': signed/unsigned mismatch
g:\github repos\syde-playground\syde playground\include\settings.h(12): warning C4244: 'argument': conversion from 'int' to 'float', possible loss of data
g:\github repos\syde-playground\syde playground\include\defaults.h(15): warning C4091: 'static ': ignored on left of 'SYDEDefaults' when no variable is declared
g:\github repos\syde-playground\syde playground\syde playground\tictactoe.cpp(41): warning C4018: '<': signed/unsigned mismatch
g:\github repos\syde-playground\syde playground\syde playground\tictactoe.cpp(52): warning C4018: '<': signed/unsigned mismatch
g:\github repos\syde-playground\syde playground\syde playground\tictactoe.cpp(83): warning C4018: '<': signed/unsigned mismatch
g:\github repos\syde-playground\syde playground\syde playground\tictactoe.cpp(98): warning C4018: '<': signed/unsigned mismatch
g:\github repos\syde-playground\syde playground\syde playground\tictactoe.cpp(195): warning C4018: '<': signed/unsigned mismatch
g:\github repos\syde-playground\syde playground\syde playground\tictactoe.cpp(202): warning C4018: '<': signed/unsigned mismatch
g:\github repos\syde-playground\syde playground\syde playground\tictactoe.cpp(209): warning C4244: 'argument': conversion from 'int' to 'float', possible loss of data
g:\github repos\syde-playground\syde playground\syde playground\tictactoe.cpp(210): warning C4244: 'argument': conversion from 'int' to 'float', possible loss of data
g:\github repos\syde-playground\syde playground\syde playground\tictactoe.cpp(222): warning C4018: '<': signed/unsigned mismatch
g:\github repos\syde-playground\syde playground\syde playground\tictactoe.cpp(224): warning C4018: '<': signed/unsigned mismatch
g:\github repos\syde-playground\syde playground\syde playground\tictactoe.cpp(226): warning C4018: '<': signed/unsigned mismatch
  Generating Code...
g:\github repos\syde-playground\syde playground\syde playground\tictactoe.cpp(48): warning C4715: 'TicTacToe::atPos': not all control paths return a value
g:\github repos\syde-playground\syde playground\syde playground\dictionary.cpp(39): warning C4172: returning address of local variable or temporary: ___NULL
  SYDEEngine.lib(ConsoleWindow.obj) : MSIL .netmodule or module compiled with /GL found; restarting link with /LTCG; add /LTCG to the link command line to improve linker performance
LINK : warning LNK4075: ignoring '/INCREMENTAL' due to '/LTCG' specification
SYDEEngine.lib(ConsoleWindow.obj) : error LNK2038: mismatch detected for '_ITERATOR_DEBUG_LEVEL': value '0' doesn't match value '2' in Dictionary.obj
SYDEEngine.lib(ConsoleWindow.obj) : error LNK2038: mismatch detected for 'RuntimeLibrary': value 'MD_DynamicRelease' doesn't match value 'MDd_DynamicDebug' in Dictionary.obj
SYDEEngine.lib(Settings.obj) : error LNK2038: mismatch detected for '_ITERATOR_DEBUG_LEVEL': value '0' doesn't match value '2' in Dictionary.obj
SYDEEngine.lib(Settings.obj) : error LNK2038: mismatch detected for 'RuntimeLibrary': value 'MD_DynamicRelease' doesn't match value 'MDd_DynamicDebug' in Dictionary.obj
SYDEEngine.lib(SYDELabel.obj) : error LNK2038: mismatch detected for '_ITERATOR_DEBUG_LEVEL': value '0' doesn't match value '2' in Dictionary.obj
SYDEEngine.lib(SYDELabel.obj) : error LNK2038: mismatch detected for 'RuntimeLibrary': value 'MD_DynamicRelease' doesn't match value 'MDd_DynamicDebug' in Dictionary.obj
SYDEEngine.lib(SYDETime.obj) : error LNK2038: mismatch detected for '_ITERATOR_DEBUG_LEVEL': value '0' doesn't match value '2' in Dictionary.obj
SYDEEngine.lib(SYDETime.obj) : error LNK2038: mismatch detected for 'RuntimeLibrary': value 'MD_DynamicRelease' doesn't match value 'MDd_DynamicDebug' in Dictionary.obj
SYDEEngine.lib(SYDEGamePlay.obj) : error LNK2038: mismatch detected for '_ITERATOR_DEBUG_LEVEL': value '0' doesn't match value '2' in Dictionary.obj
SYDEEngine.lib(SYDEGamePlay.obj) : error LNK2038: mismatch detected for 'RuntimeLibrary': value 'MD_DynamicRelease' doesn't match value 'MDd_DynamicDebug' in Dictionary.obj
LINK : warning C4727: PCH named g:\github repos\custom-console\drawableconsole\release\sydeengine.pch with same timestamp found in g:\github repos\custom-console\drawableconsole\release\sydecredits.obj and g:\github repos\custom-console\drawableconsole\release\settings.obj.  Using first PCH.
SYDEEngine.lib(SYDECredits.obj) : error LNK2038: mismatch detected for '_ITERATOR_DEBUG_LEVEL': value '0' doesn't match value '2' in Dictionary.obj
SYDEEngine.lib(SYDECredits.obj) : error LNK2038: mismatch detected for 'RuntimeLibrary': value 'MD_DynamicRelease' doesn't match value 'MDd_DynamicDebug' in Dictionary.obj
LINK : warning C4727: PCH named g:\github repos\custom-console\drawableconsole\release\sydeengine.pch with same timestamp found in g:\github repos\custom-console\drawableconsole\release\vector2.obj and g:\github repos\custom-console\drawableconsole\release\sydetime.obj.  Using first PCH.
SYDEEngine.lib(Vector2.obj) : error LNK2038: mismatch detected for '_ITERATOR_DEBUG_LEVEL': value '0' doesn't match value '2' in Dictionary.obj
SYDEEngine.lib(Vector2.obj) : error LNK2038: mismatch detected for 'RuntimeLibrary': value 'MD_DynamicRelease' doesn't match value 'MDd_DynamicDebug' in Dictionary.obj
SYDEEngine.lib(AssetsClass.obj) : error LNK2038: mismatch detected for '_ITERATOR_DEBUG_LEVEL': value '0' doesn't match value '2' in Dictionary.obj
SYDEEngine.lib(AssetsClass.obj) : error LNK2038: mismatch detected for 'RuntimeLibrary': value 'MD_DynamicRelease' doesn't match value 'MDd_DynamicDebug' in Dictionary.obj
LINK : warning C4727: PCH named g:\github repos\custom-console\drawableconsole\release\sydeengine.pch with same timestamp found in g:\github repos\custom-console\drawableconsole\release\customasset.obj and g:\github repos\custom-console\drawableconsole\release\defaults.obj.  Using first PCH.
SYDEEngine.lib(CustomAsset.obj) : error LNK2038: mismatch detected for '_ITERATOR_DEBUG_LEVEL': value '0' doesn't match value '2' in Dictionary.obj
SYDEEngine.lib(CustomAsset.obj) : error LNK2038: mismatch detected for 'RuntimeLibrary': value 'MD_DynamicRelease' doesn't match value 'MDd_DynamicDebug' in Dictionary.obj
LINK : warning C4727: PCH named g:\github repos\custom-console\drawableconsole\release\sydeengine.pch with same timestamp found in g:\github repos\custom-console\drawableconsole\release\sydekeycode.obj and g:\github repos\custom-console\drawableconsole\release\sydekey.obj.  Using first PCH.
SYDEEngine.lib(SYDEKeyCode.obj) : error LNK2038: mismatch detected for '_ITERATOR_DEBUG_LEVEL': value '0' doesn't match value '2' in Dictionary.obj
SYDEEngine.lib(SYDEKeyCode.obj) : error LNK2038: mismatch detected for 'RuntimeLibrary': value 'MD_DynamicRelease' doesn't match value 'MDd_DynamicDebug' in Dictionary.obj
LINK : warning C4727: PCH named g:\github repos\custom-console\drawableconsole\release\sydeengine.pch with same timestamp found in g:\github repos\custom-console\drawableconsole\release\textitem.obj and g:\github repos\custom-console\drawableconsole\release\sydetime.obj.  Using first PCH.
SYDEEngine.lib(Line.obj) : error LNK2038: mismatch detected for '_ITERATOR_DEBUG_LEVEL': value '0' doesn't match value '2' in Dictionary.obj
SYDEEngine.lib(Line.obj) : error LNK2038: mismatch detected for 'RuntimeLibrary': value 'MD_DynamicRelease' doesn't match value 'MDd_DynamicDebug' in Dictionary.obj
SYDEEngine.lib(Artwork.obj) : error LNK2038: mismatch detected for '_ITERATOR_DEBUG_LEVEL': value '0' doesn't match value '2' in Dictionary.obj
SYDEEngine.lib(Artwork.obj) : error LNK2038: mismatch detected for 'RuntimeLibrary': value 'MD_DynamicRelease' doesn't match value 'MDd_DynamicDebug' in Dictionary.obj
LINK : warning C4727: PCH named g:\github repos\custom-console\drawableconsole\release\sydeengine.pch with same timestamp found in g:\github repos\custom-console\drawableconsole\release\customanimationasset.obj and g:\github repos\custom-console\drawableconsole\release\consolewindow.obj.  Using first PCH.
SYDEEngine.lib(CustomAnimationAsset.obj) : error LNK2038: mismatch detected for '_ITERATOR_DEBUG_LEVEL': value '0' doesn't match value '2' in Dictionary.obj
SYDEEngine.lib(CustomAnimationAsset.obj) : error LNK2038: mismatch detected for 'RuntimeLibrary': value 'MD_DynamicRelease' doesn't match value 'MDd_DynamicDebug' in Dictionary.obj
SYDEEngine.lib(Activation.obj) : error LNK2038: mismatch detected for '_ITERATOR_DEBUG_LEVEL': value '0' doesn't match value '2' in Dictionary.obj
SYDEEngine.lib(Activation.obj) : error LNK2038: mismatch detected for 'RuntimeLibrary': value 'MD_DynamicRelease' doesn't match value 'MDd_DynamicDebug' in Dictionary.obj
LINK : warning LNK4098: defaultlib 'MSVCRT' conflicts with use of other libs; use /NODEFAULTLIB:library
G:\Github Repos\SYDE-Playground\SYDE Playground\Debug\SYDE Playground.exe : fatal error LNK1319: 28 mismatches detected
