  pch.cpp
  Dictionary.cpp
g:\github repos\syde-playground\syde playground\syde playground\dictionary.cpp(34): warning C4018: '<': signed/unsigned mismatch
  SYDE Playground.cpp
g:\github repos\syde-playground\syde playground\include\consolewindow.h(297): warning C4018: '<': signed/unsigned mismatch
g:\github repos\syde-playground\syde playground\include\consolewindow.h(299): warning C4018: '<': signed/unsigned mismatch
g:\github repos\syde-playground\syde playground\include\consolewindow.h(300): warning C4018: '<': signed/unsigned mismatch
g:\github repos\syde-playground\syde playground\include\settings.h(12): warning C4244: 'argument': conversion from 'int' to 'float', possible loss of data
g:\github repos\syde-playground\syde playground\include\defaults.h(15): warning C4091: 'static ': ignored on left of 'SYDEDefaults' when no variable is declared
g:\github repos\syde-playground\syde playground\syde playground\syde playground.cpp(59): warning C4244: 'argument': conversion from 'int' to 'float', possible loss of data
  TicTacToe.cpp
g:\github repos\syde-playground\syde playground\include\consolewindow.h(297): warning C4018: '<': signed/unsigned mismatch
g:\github repos\syde-playground\syde playground\include\consolewindow.h(299): warning C4018: '<': signed/unsigned mismatch
g:\github repos\syde-playground\syde playground\include\consolewindow.h(300): warning C4018: '<': signed/unsigned mismatch
g:\github repos\syde-playground\syde playground\include\settings.h(12): warning C4244: 'argument': conversion from 'int' to 'float', possible loss of data
g:\github repos\syde-playground\syde playground\include\defaults.h(15): warning C4091: 'static ': ignored on left of 'SYDEDefaults' when no variable is declared
g:\github repos\syde-playground\syde playground\syde playground\tictactoe.cpp(41): warning C4018: '<': signed/unsigned mismatch
g:\github repos\syde-playground\syde playground\syde playground\tictactoe.cpp(52): warning C4018: '<': signed/unsigned mismatch
g:\github repos\syde-playground\syde playground\syde playground\tictactoe.cpp(83): warning C4018: '<': signed/unsigned mismatch
g:\github repos\syde-playground\syde playground\syde playground\tictactoe.cpp(98): warning C4018: '<': signed/unsigned mismatch
g:\github repos\syde-playground\syde playground\syde playground\tictactoe.cpp(196): warning C4018: '<': signed/unsigned mismatch
g:\github repos\syde-playground\syde playground\syde playground\tictactoe.cpp(203): warning C4018: '<': signed/unsigned mismatch
g:\github repos\syde-playground\syde playground\syde playground\tictactoe.cpp(210): warning C4244: 'argument': conversion from 'int' to 'float', possible loss of data
g:\github repos\syde-playground\syde playground\syde playground\tictactoe.cpp(211): warning C4244: 'argument': conversion from 'int' to 'float', possible loss of data
g:\github repos\syde-playground\syde playground\syde playground\tictactoe.cpp(223): warning C4018: '<': signed/unsigned mismatch
g:\github repos\syde-playground\syde playground\syde playground\tictactoe.cpp(225): warning C4018: '<': signed/unsigned mismatch
g:\github repos\syde-playground\syde playground\syde playground\tictactoe.cpp(227): warning C4018: '<': signed/unsigned mismatch
LINK : warning C4727: PCH named g:\github repos\custom-console\drawableconsole\release\sydeengine.pch with same timestamp found in g:\github repos\custom-console\drawableconsole\release\defaults.obj and g:\github repos\custom-console\drawableconsole\release\customasset.obj.  Using first PCH.
LINK : warning C4727: PCH named g:\github repos\custom-console\drawableconsole\release\sydeengine.pch with same timestamp found in g:\github repos\custom-console\drawableconsole\release\sydecredits.obj and g:\github repos\custom-console\drawableconsole\release\settings.obj.  Using first PCH.
LINK : warning C4727: PCH named g:\github repos\custom-console\drawableconsole\release\sydeengine.pch with same timestamp found in g:\github repos\custom-console\drawableconsole\release\sydekeycode.obj and g:\github repos\custom-console\drawableconsole\release\sydekey.obj.  Using first PCH.
LINK : warning C4727: PCH named g:\github repos\custom-console\drawableconsole\release\sydeengine.pch with same timestamp found in g:\github repos\custom-console\drawableconsole\release\vector2.obj and g:\github repos\custom-console\drawableconsole\release\sydetime.obj.  Using first PCH.
LINK : warning C4727: PCH named g:\github repos\custom-console\drawableconsole\release\sydeengine.pch with same timestamp found in g:\github repos\custom-console\drawableconsole\release\textitem.obj and g:\github repos\custom-console\drawableconsole\release\sydetime.obj.  Using first PCH.
LINK : warning C4727: PCH named g:\github repos\custom-console\drawableconsole\release\sydeengine.pch with same timestamp found in g:\github repos\custom-console\drawableconsole\release\customanimationasset.obj and g:\github repos\custom-console\drawableconsole\release\consolewindow.obj.  Using first PCH.
  Generating code
g:\github repos\syde-playground\syde playground\syde playground\tictactoe.cpp(48): warning C4715: 'TicTacToe::atPos': not all control paths return a value
  All 1271 functions were compiled because no usable IPDB/IOBJ from previous compilation was found.
  Finished generating code
  SYDE Playground.vcxproj -> G:\Github Repos\SYDE-Playground\SYDE Playground\Release\AutoClickerSYDE.exe
